<?xml version="1.0" encoding="UTF-8"?>
<testng-results ignored="0" total="4" passed="3" failed="1" skipped="0">
  <reporter-output>
  </reporter-output>
  <suite started-at="2023-09-15T14:44:19 IST" name="Suite" finished-at="2023-09-15T14:45:16 IST" duration-ms="56846">
    <groups>
    </groups>
    <test started-at="2023-09-15T14:44:19 IST" name="Login Page" finished-at="2023-09-15T14:45:16 IST" duration-ms="56846">
      <class name="facegenie.Facegenie_login">
        <test-method is-config="true" signature="setUp()[pri:0, instance:facegenie.Facegenie_login@67c33749]" started-at="2023-09-15T14:44:19 IST" name="setUp" finished-at="2023-09-15T14:44:27 IST" duration-ms="8443" status="PASS">
          <reporter-output>
          </reporter-output>
        </test-method> <!-- setUp -->
        <test-method signature="login()[pri:0, instance:facegenie.Facegenie_login@67c33749]" started-at="2023-09-15T14:44:27 IST" name="login" finished-at="2023-09-15T14:44:55 IST" duration-ms="27087" status="PASS">
          <reporter-output>
          </reporter-output>
        </test-method> <!-- login -->
        <test-method is-config="true" signature="setUp()[pri:0, instance:facegenie.Facegenie_login@67c33749]" started-at="2023-09-15T14:44:55 IST" name="setUp" finished-at="2023-09-15T14:44:58 IST" duration-ms="3362" status="PASS">
          <reporter-output>
          </reporter-output>
        </test-method> <!-- setUp -->
        <test-method signature="login1()[pri:0, instance:facegenie.Facegenie_login@67c33749]" started-at="2023-09-15T14:44:58 IST" name="login1" finished-at="2023-09-15T14:45:02 IST" duration-ms="4268" status="PASS">
          <reporter-output>
          </reporter-output>
        </test-method> <!-- login1 -->
        <test-method is-config="true" signature="setUp()[pri:0, instance:facegenie.Facegenie_login@67c33749]" started-at="2023-09-15T14:45:02 IST" name="setUp" finished-at="2023-09-15T14:45:06 IST" duration-ms="3461" status="PASS">
          <reporter-output>
          </reporter-output>
        </test-method> <!-- setUp -->
        <test-method signature="login2()[pri:0, instance:facegenie.Facegenie_login@67c33749]" started-at="2023-09-15T14:45:06 IST" name="login2" finished-at="2023-09-15T14:45:10 IST" duration-ms="4327" status="PASS">
          <reporter-output>
          </reporter-output>
        </test-method> <!-- login2 -->
        <test-method is-config="true" signature="setUp()[pri:0, instance:facegenie.Facegenie_login@67c33749]" started-at="2023-09-15T14:45:10 IST" name="setUp" finished-at="2023-09-15T14:45:13 IST" duration-ms="3151" status="PASS">
          <reporter-output>
          </reporter-output>
        </test-method> <!-- setUp -->
        <test-method signature="login3()[pri:0, instance:facegenie.Facegenie_login@67c33749]" started-at="2023-09-15T14:45:13 IST" name="login3" finished-at="2023-09-15T14:45:16 IST" duration-ms="2706" status="FAIL">
          <exception class="org.openqa.selenium.NoSuchElementException">
            <message>
              <![CDATA[Unable to locate element: //div[@class='MuiAlert-message css-1xsto0d']
For documentation on this error, please visit: https://www.selenium.dev/documentation/webdriver/troubleshooting/errors#no-such-element-exception
Build info: version: '4.12.1', revision: '8e34639b11'
System info: os.name: 'Windows 11', os.arch: 'amd64', os.version: '10.0', java.version: '17.0.5'
Driver info: org.openqa.selenium.firefox.FirefoxDriver
Command: [8a0f0120-b4d0-41f8-9f90-ff9ce69ad45f, findElement {using=xpath, value=//div[@class='MuiAlert-message css-1xsto0d']}]
Capabilities {acceptInsecureCerts: true, browserName: firefox, browserVersion: 117.0, moz:accessibilityChecks: false, moz:buildID: 20230824132758, moz:debuggerAddress: 127.0.0.1:7416, moz:geckodriverVersion: 0.33.0, moz:headless: false, moz:platformVersion: 10.0, moz:processID: 17688, moz:profile: C:\Users\P BASKER\AppData\L..., moz:shutdownTimeout: 60000, moz:webdriverClick: true, moz:windowless: false, pageLoadStrategy: normal, platformName: windows, proxy: Proxy(), se:cdp: ws://127.0.0.1:7416/devtool..., se:cdpVersion: 85.0, setWindowRect: true, strictFileInteractability: false, timeouts: {implicit: 0, pageLoad: 300000, script: 30000}, unhandledPromptBehavior: dismiss and notify}
Session ID: 8a0f0120-b4d0-41f8-9f90-ff9ce69ad45f]]>
            </message>
            <full-stacktrace>
              <![CDATA[org.openqa.selenium.NoSuchElementException: Unable to locate element: //div[@class='MuiAlert-message css-1xsto0d']
For documentation on this error, please visit: https://www.selenium.dev/documentation/webdriver/troubleshooting/errors#no-such-element-exception
Build info: version: '4.12.1', revision: '8e34639b11'
System info: os.name: 'Windows 11', os.arch: 'amd64', os.version: '10.0', java.version: '17.0.5'
Driver info: org.openqa.selenium.firefox.FirefoxDriver
Command: [8a0f0120-b4d0-41f8-9f90-ff9ce69ad45f, findElement {using=xpath, value=//div[@class='MuiAlert-message css-1xsto0d']}]
Capabilities {acceptInsecureCerts: true, browserName: firefox, browserVersion: 117.0, moz:accessibilityChecks: false, moz:buildID: 20230824132758, moz:debuggerAddress: 127.0.0.1:7416, moz:geckodriverVersion: 0.33.0, moz:headless: false, moz:platformVersion: 10.0, moz:processID: 17688, moz:profile: C:\Users\P BASKER\AppData\L..., moz:shutdownTimeout: 60000, moz:webdriverClick: true, moz:windowless: false, pageLoadStrategy: normal, platformName: windows, proxy: Proxy(), se:cdp: ws://127.0.0.1:7416/devtool..., se:cdpVersion: 85.0, setWindowRect: true, strictFileInteractability: false, timeouts: {implicit: 0, pageLoad: 300000, script: 30000}, unhandledPromptBehavior: dismiss and notify}
Session ID: 8a0f0120-b4d0-41f8-9f90-ff9ce69ad45f
at java.base/jdk.internal.reflect.NativeConstructorAccessorImpl.newInstance0(Native Method)
at java.base/jdk.internal.reflect.NativeConstructorAccessorImpl.newInstance(NativeConstructorAccessorImpl.java:77)
at java.base/jdk.internal.reflect.DelegatingConstructorAccessorImpl.newInstance(DelegatingConstructorAccessorImpl.java:45)
at java.base/java.lang.reflect.Constructor.newInstanceWithCaller(Constructor.java:499)
at java.base/java.lang.reflect.Constructor.newInstance(Constructor.java:480)
at org.openqa.selenium.remote.codec.w3c.W3CHttpResponseCodec.createException(W3CHttpResponseCodec.java:200)
at org.openqa.selenium.remote.codec.w3c.W3CHttpResponseCodec.decode(W3CHttpResponseCodec.java:133)
at org.openqa.selenium.remote.codec.w3c.W3CHttpResponseCodec.decode(W3CHttpResponseCodec.java:52)
at org.openqa.selenium.remote.HttpCommandExecutor.execute(HttpCommandExecutor.java:191)
at org.openqa.selenium.remote.service.DriverCommandExecutor.invokeExecute(DriverCommandExecutor.java:196)
at org.openqa.selenium.remote.service.DriverCommandExecutor.execute(DriverCommandExecutor.java:171)
at org.openqa.selenium.remote.RemoteWebDriver.execute(RemoteWebDriver.java:602)
at org.openqa.selenium.remote.ElementLocation$ElementFinder$2.findElement(ElementLocation.java:165)
at org.openqa.selenium.remote.ElementLocation.findElement(ElementLocation.java:59)
at org.openqa.selenium.remote.RemoteWebDriver.findElement(RemoteWebDriver.java:359)
at org.openqa.selenium.remote.RemoteWebDriver.findElement(RemoteWebDriver.java:353)
at facegenie.Facegenie_login.login3(Facegenie_login.java:109)
at java.base/jdk.internal.reflect.NativeMethodAccessorImpl.invoke0(Native Method)
at java.base/jdk.internal.reflect.NativeMethodAccessorImpl.invoke(NativeMethodAccessorImpl.java:77)
at java.base/jdk.internal.reflect.DelegatingMethodAccessorImpl.invoke(DelegatingMethodAccessorImpl.java:43)
at java.base/java.lang.reflect.Method.invoke(Method.java:568)
at org.testng.internal.MethodInvocationHelper.invokeMethod(MethodInvocationHelper.java:133)
at org.testng.internal.TestInvoker.invokeMethod(TestInvoker.java:598)
at org.testng.internal.TestInvoker.invokeTestMethod(TestInvoker.java:173)
at org.testng.internal.MethodRunner.runInSequence(MethodRunner.java:46)
at org.testng.internal.TestInvoker$MethodInvocationAgent.invoke(TestInvoker.java:824)
at org.testng.internal.TestInvoker.invokeTestMethods(TestInvoker.java:146)
at org.testng.internal.TestMethodWorker.invokeTestMethods(TestMethodWorker.java:146)
at org.testng.internal.TestMethodWorker.run(TestMethodWorker.java:128)
at java.base/java.util.ArrayList.forEach(ArrayList.java:1511)
at org.testng.TestRunner.privateRun(TestRunner.java:794)
at org.testng.TestRunner.run(TestRunner.java:596)
at org.testng.SuiteRunner.runTest(SuiteRunner.java:377)
at org.testng.SuiteRunner.runSequentially(SuiteRunner.java:371)
at org.testng.SuiteRunner.privateRun(SuiteRunner.java:332)
at org.testng.SuiteRunner.run(SuiteRunner.java:276)
at org.testng.SuiteRunnerWorker.runSuite(SuiteRunnerWorker.java:53)
at org.testng.SuiteRunnerWorker.run(SuiteRunnerWorker.java:96)
at org.testng.TestNG.runSuitesSequentially(TestNG.java:1212)
at org.testng.TestNG.runSuitesLocally(TestNG.java:1134)
at org.testng.TestNG.runSuites(TestNG.java:1063)
at org.testng.TestNG.run(TestNG.java:1031)
at org.testng.remote.AbstractRemoteTestNG.run(AbstractRemoteTestNG.java:115)
at org.testng.remote.RemoteTestNG.initAndRun(RemoteTestNG.java:251)
at org.testng.remote.RemoteTestNG.main(RemoteTestNG.java:77)
]]>
            </full-stacktrace>
          </exception> <!-- org.openqa.selenium.NoSuchElementException -->
          <reporter-output>
          </reporter-output>
        </test-method> <!-- login3 -->
      </class> <!-- facegenie.Facegenie_login -->
    </test> <!-- Login Page -->
  </suite> <!-- Suite -->
</testng-results>
